200 0110
200 0110
200 0110
110 934847C50D23BB9A
112 568BFB4238D67E5C
200 0110
117 B1B3C1D6D9F1D745
200 0110
114 9A3C0A791234
117 B1B3C1D6D9F1D751
116 E2884459233D6B61
200 0110
200 0110
110 934847C50D23BB9A
114 9A3C0A791234CA40
116 E2884459233D
118 97229B339F5EAACA
1FF A74E4446123447
111 AA2297339F5EAACA
117 B1B3C1D6D9F1D753
200 0110
200 0110
118 63446667B52B6C63
1FF A74E444612344744
200 0110
110 934847C50D23BB9A
113 1E8CEC17B1
112 568BF34238D88E5C
115 C258AA060F248AB6
119 E41EBB6249A6A769
123 4C1E3455435731FF
117 B1B3C1D6D9F1D754
200 0110
113 3DA429D1
110 934847C50D23BB9A
1FF 454E4F464C414731
200 0110
200 0110
200 0110
200 0110
114 9A3C0E07738CCA40
118 634465BAB52B6C63
112 568BF34D38D88E5C
200 0110
116 E2BB725C2ABD6B61
123 8902590C23095222
133 6D736A6C444E7072
133 8281479128479124
133 34872941829047
123 6D736A67444E7072
112 668BF37738D88E5C
113 568BF3BD3DD88E5C
123 364C4F356848726A
678 1337
678 1337
123 6C5844DB464A5A65
123 344B4FAF6A685055
116 E2BB72F92A
1FF 454E444F4C4147
118 63446BBAB52B6C63
119 E41E8BD2A9A6A769
100 467223455A47494E
114 9A3C0EDF738CCA40
115 C2589DFB67248A
112 568BAA138D88E5CA
100 467223455A47494E
100 467223455A47494E
100 467223455A4749
113 1E8CEA17A1B3F31F
112 A778B0C554F16547
111 6DF36ACC4F4E7072
123 4C4C3455F3573133
124 33D8444DF64A5A65
123 6D736AC7444E7072
122 4778B0C554F16547
121 6D736ACC4F4E7072
123 4C4C3455F3573133
124 33D8444DF64A5A65
118 634888DDBB989352
125 6D762A67444E7072
126 68236A78444E7072
123 4778505554616547
678 1337
678 1337
200 0110
100 467223455A47494E
114 9A3C0EDF738CCA40
115 C2589DFB67248AB6
118 3DA4296F4F3507E3
116 E2BB72A22ABD6B61
1FF 454EB7474741DD31
112 B9B7C7D6D9F1F1AA
119 0102
117 B1B3C1D6D9F1D77b
112 4C434455385731AA
123 73BB743C26434361
117 B1B3C1D6D9F1D756
122 6D336AFA844E7071
121 6C534B46AF4A5A61
117 B1B3C1D6D9F1D772
124 47745DF744616541
123 36444F68B2487261
1FF 454E66F64C414731
118 634465A3552B6C63
117 B1B3C1D6D9F1D730
119 E41E8B6249A6A769
113 1E8CECABB1B3F31F
112 4C433AF5435731AA
112 568BAAF538D88E5C
111 90469CAFDAB4CB7B
110 9722A74ABF5E9ECA
112 4C43789AB31AFFAA
1FF 454EB7474741DD31
119 0102
112 4C434455385731AA
123 73BB743C26434361
122 6D336AFA844E7071
121 6C534B46AF4A5A61
124 47745DF744616541
121 36444F68B2487261
123 91233695AB423521
123 4C4A345A435731CC
111 3F414F6F6A4850BB
112 4C433455435731AA
113 9A233695AB423521
123 9A434890235321DD
123 9A434890235321DD
119 E41E8B6249A6A769
113 1E8CEC17B1B3F31F
112 568BAA4238D88E5C
123 6D736A67444E7072
678 1337
122 4778505554616547
678 1337
678 1337
123 4C4E345543573133
117 B1B3C1D6D9F1D730
123 4C1E3455435731FF
122 892A35892738590F
115 4778505554616547
122 36DC4F356848726A
115 4778505554616547
117 B1B3C1D6D9F1D76d
123 397A4F64554B6132
115 4778505554616547
117 B1B3C1D6D9F1D756
678 1337
678 1337
123 7265723176434367
123 6D736A6D444E7072
123 364C4F356848726A
117 B1B3C1D6D9F1D772
121 397A4F64554B6124
120 98098B08A9B4490A
123 6A736A6741247072
122 6CB8444B464A5A65
111 4FCD50EE4261AA47
678 1337
117 B1B3C1D6D9F1D76f
126 4778FC55546165D7
123 4733505554616547
123 6C58A1DFF4A3A65A
123 D2FDFDF319338441
123 4C4EF45543173133
123 AA47DF6F6A695055
123 726D72F176484367
123 6765DF3176634367
123 364C4FA841726AAA
125 397A4F6455416132
123 6C58444B46445A65
112 6768698172448124
112 CC68698172448124
117 B1B3C1D6D9F1D76f
112 CC68698172448124
117 B1B3C1D6D9F1D76d
678 1337
117 B1B3C1D6D9F1D77d
121 80912D30A7983BDD
123 6D7FDA6744477072
123 6D73FA67445E7072
124 6C676A4B46445A65
112 CC68698172448124
122 4733505554616547
113 6C58A1DFF4A3A65A
123 49FDFDF319338441
124 4C4EF45543173133
123 AA47DF6F6A695055
112 CC68698172448124
126 4778505554646547
126 CC68698172448124
113 34CB4F6F6A485055
123 7BA57C3176434367
119 E41E8B6249A6A769
113 1E8CEC17B1B3F31F
112 568BAA4238D88E5C
119 E41E8B6249A6A769
113 1E8CEC17B1B3F31F
112 568BAA4238D88E5C
119 E41E8B6249A6A769
113 1E8CEC17B1B3F31F
112 568BAA4238D88E5C
112 4C433455435731AA
112 4C433455435731AA
112 4C433455435731AA
112 4C433455435731AA
112 4C433455435731AA
119 E41E8B6249A6A769
119 E41E8B6249A6A769
119 E41E8B6249A6A769
119 E41E8B6249A6A769
119 E41E8B6249A6A769
119 E41E8B6249A6A769
112 4C433455435731AA
